0 info it worked if it ends with ok
1 verbose cli [ '/usr/local/node/node-default/bin/node',
1 verbose cli   '/usr/local/node/node-default/bin/npm',
1 verbose cli   'install',
1 verbose cli   'bootstrap-sass-official' ]
2 info using npm@1.4.3
3 info using node@v0.10.26
4 verbose node symlink /usr/local/node/node-default/bin/node
5 verbose readDependencies using package.json deps
6 verbose cache add [ 'bootstrap-sass-official@3.1.1', null ]
7 verbose cache add name=undefined spec="bootstrap-sass-official@3.1.1" args=["bootstrap-sass-official@3.1.1",null]
8 verbose parsed url { protocol: null,
8 verbose parsed url   slashes: null,
8 verbose parsed url   auth: null,
8 verbose parsed url   host: null,
8 verbose parsed url   port: null,
8 verbose parsed url   hostname: null,
8 verbose parsed url   hash: null,
8 verbose parsed url   search: null,
8 verbose parsed url   query: null,
8 verbose parsed url   pathname: 'bootstrap-sass-official@3.1.1',
8 verbose parsed url   path: 'bootstrap-sass-official@3.1.1',
8 verbose parsed url   href: 'bootstrap-sass-official@3.1.1' }
9 verbose cache add name="bootstrap-sass-official" spec="3.1.1" args=["bootstrap-sass-official","3.1.1"]
10 verbose parsed url { protocol: null,
10 verbose parsed url   slashes: null,
10 verbose parsed url   auth: null,
10 verbose parsed url   host: null,
10 verbose parsed url   port: null,
10 verbose parsed url   hostname: null,
10 verbose parsed url   hash: null,
10 verbose parsed url   search: null,
10 verbose parsed url   query: null,
10 verbose parsed url   pathname: '3.1.1',
10 verbose parsed url   path: '3.1.1',
10 verbose parsed url   href: '3.1.1' }
11 verbose addNamed [ 'bootstrap-sass-official', '3.1.1' ]
12 verbose addNamed [ '3.1.1', '3.1.1' ]
13 silly lockFile 8852f3b4-bootstrap-sass-official-3-1-1 bootstrap-sass-official@3.1.1
14 verbose lock bootstrap-sass-official@3.1.1 /home/vagrant/.npm/8852f3b4-bootstrap-sass-official-3-1-1.lock
15 verbose url raw bootstrap-sass-official/3.1.1
16 verbose url resolving [ 'https://registry.npmjs.org/',
16 verbose url resolving   './bootstrap-sass-official/3.1.1' ]
17 verbose url resolved https://registry.npmjs.org/bootstrap-sass-official/3.1.1
18 info trying registry request attempt 1 at 14:07:53
19 http GET https://registry.npmjs.org/bootstrap-sass-official/3.1.1
20 http 404 https://registry.npmjs.org/bootstrap-sass-official/3.1.1
21 silly registry.get cb [ 404,
21 silly registry.get   { date: 'Tue, 08 Apr 2014 14:07:53 GMT',
21 silly registry.get     server: 'CouchDB/1.5.0 (Erlang OTP/R16B)',
21 silly registry.get     'content-type': 'application/json',
21 silly registry.get     via: '1.1 varnish',
21 silly registry.get     'cache-control': 'max-age=0',
21 silly registry.get     'content-length': '52',
21 silly registry.get     'accept-ranges': 'bytes',
21 silly registry.get     age: '0',
21 silly registry.get     'x-served-by': 'cache-v41-ASH, cache-fra1229-FRA',
21 silly registry.get     'x-cache': 'MISS, MISS',
21 silly registry.get     'x-cache-hits': '0, 0',
21 silly registry.get     'x-timer': 'S1396966073.764175653,VS0,VS46,VE171,VE225',
21 silly registry.get     'keep-alive': 'timeout=10, max=50',
21 silly registry.get     connection: 'Keep-Alive' } ]
22 silly lockFile 8852f3b4-bootstrap-sass-official-3-1-1 bootstrap-sass-official@3.1.1
23 silly lockFile 8852f3b4-bootstrap-sass-official-3-1-1 bootstrap-sass-official@3.1.1
24 error 404 'bootstrap-sass-official' is not in the npm registry.
24 error 404 You should bug the author to publish it
24 error 404 It was specified as a dependency of 'Food-rescue'
24 error 404
24 error 404 Note that you can also install from a
24 error 404 tarball, folder, or http url, or git url.
25 error System Linux 3.2.0-4-amd64
26 error command "/usr/local/node/node-default/bin/node" "/usr/local/node/node-default/bin/npm" "install" "bootstrap-sass-official"
27 error cwd /var/www
28 error node -v v0.10.26
29 error npm -v 1.4.3
30 error code E404
31 verbose exit [ 1, true ]
